<?xml version="1.0" encoding="UTF-8"?>
<!-- Generated by org.testng.reporters.JUnitReportReporter -->
<testsuite hostname="LAPTOP-BT0O8U0O" failures="0" tests="2" name="com.axisbank.qa.testcases.HomePageTest" time="22.164" errors="0" timestamp="15 Dec 2018 11:28:26 GMT" skipped="0">
  <testcase classname="com.axisbank.qa.testcases.HomePageTest" name="logotest" time="10.060"/>
  <testcase classname="com.axisbank.qa.testcases.HomePageTest" name="Navigatetest" time="12.104"/>
</testsuite> <!-- com.axisbank.qa.testcases.HomePageTest -->
