<?xml version="1.0" encoding="UTF-8"?>
<!-- Generated by org.testng.reporters.JUnitReportReporter -->
<testsuite hostname="LAPTOP-BT0O8U0O" failures="0" tests="1" name="com.axisbank.qa.testcases.SaavingsAccountTest" time="17.802" errors="0" timestamp="15 Dec 2018 11:28:26 GMT" skipped="0">
  <testcase classname="com.axisbank.qa.testcases.SaavingsAccountTest" name="navigate" time="17.802"/>
</testsuite> <!-- com.axisbank.qa.testcases.SaavingsAccountTest -->
