<?xml version="1.0" encoding="UTF-8"?>
<!-- Generated by org.testng.reporters.JUnitReportReporter -->
<testsuite hostname="LAPTOP-BT0O8U0O" failures="0" tests="1" name="com.axisbank.qa.testcases.Savings_EasyAccessSA_Test" time="21.220" errors="0" timestamp="15 Dec 2018 11:28:26 GMT" skipped="0">
  <testcase classname="com.axisbank.qa.testcases.Savings_EasyAccessSA_Test" name="SubmitFormTest" time="21.220"/>
</testsuite> <!-- com.axisbank.qa.testcases.Savings_EasyAccessSA_Test -->
