<?xml version="1.0" encoding="UTF-8"?>
<!-- Generated by org.testng.reporters.JUnitReportReporter -->
<testsuite hostname="LAPTOP-BT0O8U0O" failures="0" tests="2" name="com.axisbank.qa.testcases.HomePageTest" time="24.997" errors="0" timestamp="11 Dec 2018 14:25:41 GMT" skipped="0">
  <testcase classname="com.axisbank.qa.testcases.HomePageTest" name="logotest" time="12.417"/>
  <testcase classname="com.axisbank.qa.testcases.HomePageTest" name="Navigatetest" time="12.580"/>
</testsuite> <!-- com.axisbank.qa.testcases.HomePageTest -->
