<?xml version="1.0" encoding="UTF-8"?>
<!-- Generated by org.testng.reporters.JUnitReportReporter -->
<testsuite hostname="LAPTOP-BT0O8U0O" failures="0" tests="1" name="com.axisbank.qa.testcases.SaavingsAccountTest" time="14.425" errors="0" timestamp="11 Dec 2018 15:50:35 GMT" skipped="0">
  <testcase classname="com.axisbank.qa.testcases.SaavingsAccountTest" name="navigate" time="14.425"/>
</testsuite> <!-- com.axisbank.qa.testcases.SaavingsAccountTest -->
