<?xml version="1.0" encoding="UTF-8"?>
<!-- Generated by org.testng.reporters.JUnitReportReporter -->
<testsuite hostname="LAPTOP-BT0O8U0O" failures="0" tests="1" name="com.qa.test.login" time="25.095" errors="0" timestamp="09 Dec 2018 03:28:28 GMT" skipped="0">
  <testcase classname="com.qa.test.login" name="actions" time="25.095"/>
</testsuite> <!-- com.qa.test.login -->
